Base path: C:/Program Files (x86)/Unity/Editor/Data
Pipe name: \\.\pipe\UnityShaderCompiler-1-1464
Cmd: getPlatforms
Cmd: preprocess
  insize=9613 outsize=2432 ok=1
Cmd: preprocess
  insize=11644 outsize=758 ok=1
Cmd: preprocess
  insize=464 outsize=464 ok=1
Cmd: preprocess
  insize=1651 outsize=2267 ok=1
Cmd: preprocess
  insize=1297 outsize=487 ok=1
Cmd: preprocess
  insize=10024 outsize=963 ok=1
Cmd: preprocess
  insize=1766 outsize=369 ok=1
Cmd: preprocess
  insize=848 outsize=848 ok=1
Cmd: preprocess
  insize=980 outsize=375 ok=1
Cmd: preprocess
  insize=1071 outsize=336 ok=1
Cmd: preprocess
  insize=5351 outsize=2168 ok=1
Cmd: preprocess
  insize=2062 outsize=510 ok=1
Cmd: preprocess
  insize=1366 outsize=431 ok=1
Cmd: preprocess
  insize=3792 outsize=745 ok=1
Cmd: preprocess
  insize=1486 outsize=2211 ok=1
Cmd: preprocess
  insize=1303 outsize=429 ok=1
Cmd: preprocess
  insize=7094 outsize=844 ok=1
Cmd: preprocess
  insize=1242 outsize=333 ok=1
Cmd: preprocess
  insize=13357 outsize=2694 ok=1
Cmd: preprocess
  insize=1101 outsize=904 ok=1
Cmd: preprocess
  insize=2776 outsize=811 ok=1
Cmd: preprocess
  insize=1034 outsize=323 ok=1
Cmd: preprocess
  insize=1450 outsize=406 ok=1
Cmd: preprocess
  insize=1509 outsize=370 ok=1
Cmd: preprocess
  insize=1768 outsize=749 ok=1
Cmd: preprocess
  insize=495 outsize=495 ok=1
Cmd: preprocess
  insize=1472 outsize=363 ok=1
Cmd: preprocess
  insize=1345 outsize=347 ok=1
Cmd: preprocess
  insize=2408 outsize=673 ok=1
Cmd: preprocess
  insize=1026 outsize=288 ok=1
Cmd: preprocess
  insize=833 outsize=338 ok=1
Cmd: preprocess
  insize=6770 outsize=1061 ok=1
Cmd: preprocess
  insize=33468 outsize=288 ok=1
Cmd: preprocess
  insize=1289 outsize=279 ok=1
Cmd: preprocess
  insize=3759 outsize=744 ok=1
Cmd: preprocess
  insize=876 outsize=876 ok=1
Cmd: preprocess
  insize=1065 outsize=267 ok=1
Cmd: preprocess
  insize=5638 outsize=1882 ok=1
Cmd: preprocess
  insize=769 outsize=769 ok=1
Cmd: preprocess
  insize=14395 outsize=2160 ok=1
Cmd: preprocess
  insize=1104 outsize=377 ok=1
Cmd: preprocess
  insize=12509 outsize=2575 ok=1
Cmd: preprocess
  insize=6552 outsize=796 ok=1
Cmd: preprocess
  insize=3116 outsize=825 ok=1
Cmd: preprocess
  insize=11887 outsize=2702 ok=1
Cmd: preprocess
  insize=2525 outsize=1217 ok=1
Cmd: preprocess
  insize=1041 outsize=464 ok=1
Cmd: preprocess
  insize=638 outsize=638 ok=1
Cmd: preprocess
  insize=14386 outsize=2775 ok=1
Cmd: preprocess
  insize=2058 outsize=516 ok=1
Cmd: preprocess
  insize=1654 outsize=1035 ok=1
Cmd: preprocess
  insize=3105 outsize=1735 ok=1
Cmd: preprocess
  insize=1771 outsize=320 ok=1
Cmd: preprocess
  insize=1246 outsize=422 ok=1
Cmd: preprocess
  insize=1207 outsize=411 ok=1
Cmd: preprocess
  insize=28384 outsize=4971 ok=1
Cmd: preprocess
  insize=1426 outsize=1426 ok=1
Cmd: preprocess
  insize=4278 outsize=585 ok=1
Cmd: preprocess
  insize=2386 outsize=1259 ok=1
Cmd: preprocess
  insize=1830 outsize=317 ok=1
Cmd: preprocess
  insize=1095 outsize=373 ok=1
Cmd: preprocess
  insize=1210 outsize=487 ok=1
Cmd: preprocess
  insize=781 outsize=284 ok=1
Cmd: preprocess
  insize=6110 outsize=912 ok=1
Cmd: preprocess
  insize=5875 outsize=801 ok=1
Cmd: preprocess
  insize=626 outsize=382 ok=1
Cmd: preprocess
  insize=7618 outsize=976 ok=1
Cmd: preprocess
  insize=33477 outsize=288 ok=1
Cmd: preprocess
  insize=334 outsize=334 ok=1
Cmd: preprocess
  insize=5475 outsize=1789 ok=1
Cmd: preprocess
  insize=6994 outsize=270 ok=1
Cmd: preprocess
  insize=4695 outsize=586 ok=1
Cmd: preprocess
  insize=5097 outsize=1065 ok=1
Cmd: preprocess
  insize=1574 outsize=702 ok=1
Cmd: preprocess
  insize=6023 outsize=1333 ok=1
Cmd: preprocess
  insize=840 outsize=323 ok=1
Cmd: preprocess
  insize=762 outsize=333 ok=1
Cmd: preprocess
  insize=664 outsize=664 ok=1
Cmd: preprocess
  insize=1000 outsize=1000 ok=1
Cmd: preprocess
  insize=4098 outsize=684 ok=1
Cmd: preprocess
  insize=933 outsize=319 ok=1
Cmd: preprocess
  insize=1812 outsize=1056 ok=1
Cmd: preprocess
  insize=1413 outsize=316 ok=1
Cmd: preprocess
  insize=2280 outsize=1040 ok=1
Cmd: preprocess
  insize=5551 outsize=816 ok=1
Cmd: preprocess
  insize=1143 outsize=513 ok=1
Cmd: preprocess
  insize=1292 outsize=411 ok=1
Cmd: preprocess
  insize=623 outsize=277 ok=1
Cmd: preprocess
  insize=780 outsize=337 ok=1
Cmd: preprocess
  insize=5533 outsize=943 ok=1
Cmd: preprocess
  insize=1808 outsize=713 ok=1
