Base path: E:/Programmi/Unity/Editor/Data
Pipe name: \\.\pipe\UnityShaderCompiler-4-4108
Cmd: getPlatforms
Cmd: compileSnippet
  api=1 type=1 insize=995 outsize=217 kw= ok=1
Cmd: compileSnippet
  api=8 type=0 insize=1367 outsize=1438 kw= ok=1
Cmd: compileSnippet
  api=1 type=1 insize=1367 outsize=332 kw= ok=1
Cmd: compileSnippet
  api=8 type=1 insize=1012 outsize=2056 kw= ok=1
Cmd: compileSnippet
  api=1 type=1 insize=2877 outsize=1336 kw= ok=1
Cmd: compileSnippet
  api=1 type=0 insize=1183 outsize=351 kw= ok=1
Cmd: compileSnippet
  api=1 type=1 insize=1183 outsize=254 kw= ok=1
Cmd: compileSnippet
  api=1 type=0 insize=10214 outsize=2620 kw=WATER_VERTEX_DISPLACEMENT_ON WATER_REFLECTIVE WATER_EDGEBLEND_OFF ok=1
Cmd: compileSnippet
  api=0 type=0 insize=10214 outsize=4140 kw=WATER_EDGEBLEND_ON WATER_REFLECTIVE WATER_VERTEX_DISPLACEMENT_OFF ok=1
Cmd: compileSnippet
  api=0 type=0 insize=10214 outsize=3128 kw=WATER_SIMPLE WATER_EDGEBLEND_OFF WATER_VERTEX_DISPLACEMENT_OFF ok=1
Cmd: compileSnippet
  api=0 type=1 insize=10214 outsize=6 kw=WATER_VERTEX_DISPLACEMENT_ON WATER_SIMPLE WATER_EDGEBLEND_OFF ok=1
Cmd: compileSnippet
  api=4 type=1 insize=10214 outsize=5897 kw=WATER_EDGEBLEND_ON WATER_REFLECTIVE WATER_VERTEX_DISPLACEMENT_OFF ok=1
Cmd: compileSnippet
  api=1 type=0 insize=10218 outsize=2463 kw=WATER_VERTEX_DISPLACEMENT_ON WATER_EDGEBLEND_ON WATER_SIMPLE ok=1
Cmd: compileSnippet
  api=0 type=0 insize=10218 outsize=4592 kw=WATER_VERTEX_DISPLACEMENT_ON WATER_SIMPLE WATER_EDGEBLEND_OFF ok=1
Cmd: compileSnippet
  api=1 type=0 insize=10218 outsize=484 kw=WATER_SIMPLE WATER_EDGEBLEND_OFF WATER_VERTEX_DISPLACEMENT_OFF ok=1
Cmd: compileSnippet
  api=1 type=1 insize=10218 outsize=1184 kw=WATER_VERTEX_DISPLACEMENT_ON WATER_REFLECTIVE WATER_EDGEBLEND_OFF ok=1
Cmd: compileSnippet
  api=1 type=1 insize=10218 outsize=1166 kw=WATER_EDGEBLEND_ON WATER_SIMPLE WATER_VERTEX_DISPLACEMENT_OFF ok=1
Cmd: compileSnippet
  api=1 type=0 insize=9960 outsize=277 kw= ok=1
Cmd: compileSnippet
  api=1 type=0 insize=1998 outsize=335 kw= ok=1
Cmd: compileSnippet
  api=1 type=0 insize=2009 outsize=335 kw= ok=1
Cmd: compileSnippet
  api=0 type=1 insize=1827 outsize=1021 kw= ok=1
Cmd: compileSnippet
  api=8 type=0 insize=2803 outsize=2649 kw= ok=1
Cmd: compileSnippet
  api=1 type=0 insize=2794 outsize=422 kw= ok=1
Cmd: compileSnippet
  api=0 type=1 insize=2793 outsize=544 kw= ok=1
Cmd: compileSnippet
  api=1 type=0 insize=7294 outsize=1439 kw=DIRECTIONAL SHADOWS_OFF LIGHTMAP_OFF DIRLIGHTMAP_OFF ok=1
Cmd: compileSnippet
  api=4 type=0 insize=7294 outsize=2387 kw=DIRECTIONAL SHADOWS_SCREEN LIGHTMAP_ON DIRLIGHTMAP_OFF ok=1
Cmd: compileSnippet
  api=0 type=0 insize=7294 outsize=2719 kw=DIRECTIONAL SHADOWS_SCREEN LIGHTMAP_OFF DIRLIGHTMAP_OFF VERTEXLIGHT_ON ok=1
Cmd: compileSnippet
  api=1 type=1 insize=7294 outsize=2710 kw=DIRECTIONAL SHADOWS_OFF LIGHTMAP_ON DIRLIGHTMAP_ON ok=1
Cmd: compileSnippet
  api=4 type=1 insize=7294 outsize=2517 kw=DIRECTIONAL SHADOWS_SCREEN LIGHTMAP_ON DIRLIGHTMAP_OFF ok=1
Cmd: compileSnippet
  api=1 type=0 insize=4861 outsize=1076 kw=DIRECTIONAL ok=1
Cmd: compileSnippet
  api=0 type=0 insize=4861 outsize=1815 kw=POINT_COOKIE ok=1
Cmd: compileSnippet
  api=4 type=1 insize=4861 outsize=6271 kw=SPOT ok=1
Cmd: compileSnippet
  api=0 type=0 insize=6704 outsize=1514 kw=LIGHTMAP_ON DIRLIGHTMAP_ON HDR_LIGHT_PREPASS_OFF ok=1
Cmd: compileSnippet
  api=0 type=0 insize=6704 outsize=1183 kw=LIGHTMAP_OFF DIRLIGHTMAP_OFF HDR_LIGHT_PREPASS_ON ok=1
Cmd: compileSnippet
  api=0 type=1 insize=6704 outsize=3152 kw=LIGHTMAP_ON DIRLIGHTMAP_ON HDR_LIGHT_PREPASS_OFF ok=1
Cmd: compileSnippet
  api=4 type=1 insize=6704 outsize=3208 kw=LIGHTMAP_ON DIRLIGHTMAP_OFF HDR_LIGHT_PREPASS_ON ok=1
Cmd: compileSnippet
  api=8 type=1 insize=3311 outsize=1861 kw= ok=1
Cmd: compileSnippet
  api=1 type=0 insize=3319 outsize=364 kw= ok=1
Cmd: compileSnippet
  api=1 type=0 insize=3328 outsize=462 kw= ok=1
Cmd: compileSnippet
  api=8 type=1 insize=887 outsize=1617 kw= ok=1
Unhandled exception: Readfile from pipe failed. GLE=Pipe terminata.


Quitting shader compiler process
