Base path: E:/Programmi/Unity/Editor/Data
Pipe name: \\.\pipe\UnityShaderCompiler-5-7248
Cmd: getPlatforms
Cmd: compileSnippet
  api=1 type=0 insize=1377 outsize=320 kw= ok=1
Cmd: compileSnippet
  api=8 type=0 insize=1012 outsize=1438 kw= ok=1
Cmd: compileSnippet
  api=1 type=1 insize=1834 outsize=4188 kw= ok=1
Cmd: compileSnippet
  api=0 type=1 insize=2099 outsize=7921 kw= ok=1
Cmd: compileSnippet
  api=0 type=1 insize=2604 outsize=14055 kw= ok=1
Cmd: compileSnippet
  api=1 type=0 insize=1817 outsize=249 kw= ok=1
Cmd: compileSnippet
  api=8 type=0 insize=1183 outsize=2454 kw= ok=1
Cmd: compileSnippet
  api=0 type=0 insize=10214 outsize=5417 kw=WATER_VERTEX_DISPLACEMENT_ON WATER_SIMPLE WATER_EDGEBLEND_OFF ok=1
Cmd: compileSnippet
  api=1 type=0 insize=10214 outsize=627 kw=WATER_SIMPLE WATER_EDGEBLEND_OFF WATER_VERTEX_DISPLACEMENT_OFF ok=1
Cmd: compileSnippet
  api=1 type=1 insize=10214 outsize=1505 kw=WATER_VERTEX_DISPLACEMENT_ON WATER_REFLECTIVE WATER_EDGEBLEND_OFF ok=1
Cmd: compileSnippet
  api=4 type=1 insize=10214 outsize=4337 kw=WATER_VERTEX_DISPLACEMENT_ON WATER_SIMPLE WATER_EDGEBLEND_OFF ok=1
Cmd: compileSnippet
  api=1 type=1 insize=10214 outsize=1414 kw=WATER_SIMPLE WATER_EDGEBLEND_OFF WATER_VERTEX_DISPLACEMENT_OFF ok=1
Cmd: compileSnippet
  api=0 type=0 insize=10218 outsize=4851 kw=WATER_VERTEX_DISPLACEMENT_ON WATER_REFLECTIVE WATER_EDGEBLEND_OFF ok=1
Cmd: compileSnippet
  api=1 type=0 insize=10218 outsize=484 kw=WATER_EDGEBLEND_ON WATER_SIMPLE WATER_VERTEX_DISPLACEMENT_OFF ok=1
Cmd: compileSnippet
  api=1 type=1 insize=10218 outsize=1339 kw=WATER_VERTEX_DISPLACEMENT_ON WATER_EDGEBLEND_ON WATER_REFLECTIVE ok=1
Cmd: compileSnippet
  api=1 type=1 insize=10218 outsize=1339 kw=WATER_EDGEBLEND_ON WATER_REFLECTIVE WATER_VERTEX_DISPLACEMENT_OFF ok=1
Cmd: compileSnippet
  api=4 type=1 insize=10218 outsize=3305 kw=WATER_SIMPLE WATER_EDGEBLEND_OFF WATER_VERTEX_DISPLACEMENT_OFF ok=1
Cmd: compileSnippet
  api=0 type=1 insize=2000 outsize=332 kw= ok=1
Cmd: compileSnippet
  api=0 type=1 insize=1998 outsize=256 kw= ok=1
Cmd: compileSnippet
  api=8 type=1 insize=1096 outsize=2015 kw= ok=1
Cmd: compileSnippet
  api=8 type=1 insize=1827 outsize=3860 kw= ok=1
Cmd: compileSnippet
  api=8 type=0 insize=2794 outsize=2649 kw= ok=1
Cmd: compileSnippet
  api=1 type=0 insize=2793 outsize=422 kw= ok=1
Cmd: compileSnippet
  api=8 type=0 insize=2805 outsize=2649 kw= ok=1
Cmd: compileSnippet
  api=0 type=0 insize=7294 outsize=1400 kw=DIRECTIONAL SHADOWS_OFF LIGHTMAP_ON DIRLIGHTMAP_ON ok=1
Cmd: compileSnippet
  api=1 type=0 insize=7294 outsize=1117 kw=DIRECTIONAL SHADOWS_SCREEN LIGHTMAP_ON DIRLIGHTMAP_ON ok=1
Cmd: compileSnippet
  api=1 type=1 insize=7294 outsize=2376 kw=DIRECTIONAL SHADOWS_OFF LIGHTMAP_OFF DIRLIGHTMAP_OFF ok=1
Cmd: compileSnippet
  api=0 type=1 insize=7294 outsize=856 kw=DIRECTIONAL SHADOWS_SCREEN LIGHTMAP_ON DIRLIGHTMAP_OFF ok=1
Cmd: compileSnippet
  api=0 type=0 insize=4861 outsize=1852 kw=SPOT ok=1
Cmd: compileSnippet
  api=4 type=0 insize=4861 outsize=4622 kw=POINT_COOKIE ok=1
Cmd: compileSnippet
  api=0 type=1 insize=4861 outsize=2965 kw=SPOT ok=1
Cmd: compileSnippet
  api=1 type=1 insize=4861 outsize=2360 kw=DIRECTIONAL_COOKIE ok=1
Cmd: compileSnippet
  api=1 type=0 insize=6704 outsize=739 kw=LIGHTMAP_ON DIRLIGHTMAP_OFF HDR_LIGHT_PREPASS_OFF ok=1
Cmd: compileSnippet
  api=0 type=0 insize=6704 outsize=1133 kw=LIGHTMAP_ON DIRLIGHTMAP_OFF HDR_LIGHT_PREPASS_ON ok=1
Cmd: compileSnippet
  api=1 type=1 insize=6704 outsize=794 kw=LIGHTMAP_OFF DIRLIGHTMAP_OFF HDR_LIGHT_PREPASS_OFF ok=1
Cmd: compileSnippet
  api=0 type=1 insize=6704 outsize=889 kw=LIGHTMAP_OFF DIRLIGHTMAP_OFF HDR_LIGHT_PREPASS_ON ok=1
Cmd: compileSnippet
  api=0 type=1 insize=6704 outsize=3087 kw=LIGHTMAP_ON DIRLIGHTMAP_ON HDR_LIGHT_PREPASS_ON ok=1
Cmd: compileSnippet
  api=1 type=0 insize=3311 outsize=132 kw= ok=1
Cmd: compileSnippet
  api=1 type=1 insize=3323 outsize=464 kw= ok=1
Cmd: compileSnippet
  api=1 type=1 insize=714 outsize=76 kw= ok=1
Unhandled exception: Readfile from pipe failed. GLE=Pipe terminata.


Quitting shader compiler process
