Base path: E:/Programmi/Unity/Editor/Data
Pipe name: \\.\pipe\UnityShaderCompiler-8-4944
Cmd: getPlatforms
Cmd: compileSnippet
  api=0 type=1 insize=1012 outsize=545 kw= ok=1
Cmd: compileSnippet
  error: 2 plat 8 at frag_ao.cginc(2): 'samples': array dimensions of function parameters must be explicit
  api=8 type=1 insize=1817 outsize=0 kw= ok=0
Cmd: compileSnippet
  api=0 type=0 insize=10214 outsize=6263 kw=WATER_VERTEX_DISPLACEMENT_ON WATER_EDGEBLEND_ON WATER_SIMPLE ok=1
Cmd: compileSnippet
  api=0 type=0 insize=10214 outsize=3279 kw=WATER_REFLECTIVE WATER_EDGEBLEND_OFF WATER_VERTEX_DISPLACEMENT_OFF ok=1
Cmd: compileSnippet
  api=4 type=1 insize=10214 outsize=4752 kw=WATER_VERTEX_DISPLACEMENT_ON WATER_REFLECTIVE WATER_EDGEBLEND_OFF ok=1
Cmd: compileSnippet
  api=1 type=0 insize=10218 outsize=2463 kw=WATER_VERTEX_DISPLACEMENT_ON WATER_EDGEBLEND_ON WATER_REFLECTIVE ok=1
Cmd: compileSnippet
  api=4 type=0 insize=10218 outsize=4979 kw=WATER_VERTEX_DISPLACEMENT_ON WATER_SIMPLE WATER_EDGEBLEND_OFF ok=1
Cmd: compileSnippet
  api=4 type=0 insize=10218 outsize=2330 kw=WATER_REFLECTIVE WATER_EDGEBLEND_OFF WATER_VERTEX_DISPLACEMENT_OFF ok=1
Cmd: compileSnippet
  api=4 type=1 insize=10218 outsize=3907 kw=WATER_VERTEX_DISPLACEMENT_ON WATER_REFLECTIVE WATER_EDGEBLEND_OFF ok=1
Cmd: compileSnippet
  api=4 type=1 insize=10218 outsize=3907 kw=WATER_REFLECTIVE WATER_EDGEBLEND_OFF WATER_VERTEX_DISPLACEMENT_OFF ok=1
Cmd: compileSnippet
  api=0 type=0 insize=2000 outsize=375 kw= ok=1
Cmd: compileSnippet
  api=8 type=0 insize=1998 outsize=1577 kw= ok=1
Cmd: compileSnippet
  api=1 type=1 insize=2011 outsize=242 kw= ok=1
Cmd: compileSnippet
  api=1 type=0 insize=968 outsize=132 kw= ok=1
Cmd: compileSnippet
  api=8 type=0 insize=1096 outsize=1438 kw= ok=1
Cmd: compileSnippet
  api=0 type=1 insize=2794 outsize=505 kw= ok=1
Cmd: compileSnippet
  api=1 type=1 insize=2805 outsize=543 kw= ok=1
Cmd: compileSnippet
  api=0 type=0 insize=7294 outsize=717 kw=DIRECTIONAL SHADOWS_OFF LIGHTMAP_ON DIRLIGHTMAP_OFF ok=1
Cmd: compileSnippet
  api=1 type=0 insize=7294 outsize=812 kw=DIRECTIONAL SHADOWS_SCREEN LIGHTMAP_ON DIRLIGHTMAP_OFF ok=1
Cmd: compileSnippet
  api=0 type=1 insize=7294 outsize=2666 kw=DIRECTIONAL SHADOWS_OFF LIGHTMAP_OFF DIRLIGHTMAP_OFF ok=1
Cmd: compileSnippet
  api=0 type=1 insize=7294 outsize=3187 kw=DIRECTIONAL SHADOWS_SCREEN LIGHTMAP_ON DIRLIGHTMAP_ON ok=1
Cmd: compileSnippet
  api=4 type=0 insize=4861 outsize=4622 kw=SPOT ok=1
Cmd: compileSnippet
  api=0 type=1 insize=4861 outsize=2761 kw=POINT ok=1
Cmd: compileSnippet
  api=0 type=1 insize=4861 outsize=2664 kw=DIRECTIONAL_COOKIE ok=1
Cmd: compileSnippet
  api=4 type=0 insize=6704 outsize=3387 kw=LIGHTMAP_ON DIRLIGHTMAP_OFF HDR_LIGHT_PREPASS_OFF ok=1
Cmd: compileSnippet
  api=0 type=0 insize=6704 outsize=1514 kw=LIGHTMAP_ON DIRLIGHTMAP_ON HDR_LIGHT_PREPASS_ON ok=1
Cmd: compileSnippet
  api=1 type=1 insize=6704 outsize=1099 kw=LIGHTMAP_ON DIRLIGHTMAP_OFF HDR_LIGHT_PREPASS_OFF ok=1
Cmd: compileSnippet
  api=1 type=1 insize=6704 outsize=720 kw=LIGHTMAP_OFF DIRLIGHTMAP_OFF HDR_LIGHT_PREPASS_ON ok=1
Cmd: compileSnippet
  api=1 type=1 insize=6704 outsize=2787 kw=LIGHTMAP_ON DIRLIGHTMAP_ON HDR_LIGHT_PREPASS_ON ok=1
Cmd: compileSnippet
  api=1 type=1 insize=1607 outsize=765 kw= ok=1
Cmd: compileSnippet
  api=8 type=0 insize=3319 outsize=3015 kw= ok=1
Cmd: compileSnippet
  api=8 type=1 insize=3323 outsize=2974 kw= ok=1
Cmd: compileSnippet
  api=1 type=1 insize=887 outsize=210 kw= ok=1
Cmd: compileSnippet
  api=0 type=1 insize=1347 outsize=787 kw= ok=1
Unhandled exception: Readfile from pipe failed. GLE=Pipe terminata.


Quitting shader compiler process
