Base path: E:/Programmi/Unity/Editor/Data
Pipe name: \\.\pipe\UnityShaderCompiler-3-3720
Cmd: getPlatforms
Cmd: compileSnippet
  api=1 type=0 insize=995 outsize=132 kw= ok=1
Cmd: compileSnippet
  api=8 type=1 insize=995 outsize=1438 kw= ok=1
Cmd: compileSnippet
  api=8 type=1 insize=1367 outsize=1812 kw= ok=1
Cmd: compileSnippet
  api=1 type=0 insize=1834 outsize=204 kw= ok=1
Cmd: compileSnippet
  api=1 type=0 insize=2604 outsize=204 kw= ok=1
Cmd: compileSnippet
  api=1 type=1 insize=1817 outsize=160 kw= ok=1
Cmd: compileSnippet
  api=1 type=0 insize=10214 outsize=2620 kw=WATER_VERTEX_DISPLACEMENT_ON WATER_EDGEBLEND_ON WATER_REFLECTIVE ok=1
Cmd: compileSnippet
  api=4 type=0 insize=10214 outsize=5369 kw=WATER_VERTEX_DISPLACEMENT_ON WATER_SIMPLE WATER_EDGEBLEND_OFF ok=1
Cmd: compileSnippet
  api=4 type=0 insize=10214 outsize=2720 kw=WATER_EDGEBLEND_ON WATER_SIMPLE WATER_VERTEX_DISPLACEMENT_OFF ok=1
Cmd: compileSnippet
  api=4 type=0 insize=10214 outsize=2720 kw=WATER_SIMPLE WATER_EDGEBLEND_OFF WATER_VERTEX_DISPLACEMENT_OFF ok=1
Cmd: compileSnippet
  api=1 type=1 insize=10214 outsize=1728 kw=WATER_VERTEX_DISPLACEMENT_ON WATER_EDGEBLEND_ON WATER_SIMPLE ok=1
Cmd: compileSnippet
  api=4 type=1 insize=10214 outsize=5507 kw=WATER_EDGEBLEND_ON WATER_SIMPLE WATER_VERTEX_DISPLACEMENT_OFF ok=1
Cmd: compileSnippet
  api=4 type=0 insize=10218 outsize=4979 kw=WATER_VERTEX_DISPLACEMENT_ON WATER_EDGEBLEND_ON WATER_SIMPLE ok=1
Cmd: compileSnippet
  api=1 type=0 insize=10218 outsize=2463 kw=WATER_VERTEX_DISPLACEMENT_ON WATER_SIMPLE WATER_EDGEBLEND_OFF ok=1
Cmd: compileSnippet
  api=1 type=0 insize=10218 outsize=484 kw=WATER_REFLECTIVE WATER_EDGEBLEND_OFF WATER_VERTEX_DISPLACEMENT_OFF ok=1
Cmd: compileSnippet
  api=4 type=1 insize=10218 outsize=3907 kw=WATER_VERTEX_DISPLACEMENT_ON WATER_EDGEBLEND_ON WATER_SIMPLE ok=1
Cmd: compileSnippet
  api=1 type=1 insize=10218 outsize=1184 kw=WATER_REFLECTIVE WATER_EDGEBLEND_OFF WATER_VERTEX_DISPLACEMENT_OFF ok=1
Cmd: compileSnippet
  api=8 type=0 insize=9960 outsize=2730 kw= ok=1
Cmd: compileSnippet
  api=8 type=0 insize=2000 outsize=1577 kw= ok=1
Cmd: compileSnippet
  api=0 type=0 insize=1998 outsize=375 kw= ok=1
Cmd: compileSnippet
  api=1 type=1 insize=2009 outsize=101 kw= ok=1
Cmd: compileSnippet
  api=0 type=1 insize=968 outsize=366 kw= ok=1
Cmd: compileSnippet
  api=0 type=1 insize=1096 outsize=507 kw= ok=1
Cmd: compileSnippet
  api=0 type=0 insize=2803 outsize=474 kw= ok=1
Cmd: compileSnippet
  api=8 type=1 insize=2803 outsize=3372 kw= ok=1
Cmd: compileSnippet
  api=8 type=0 insize=2793 outsize=2649 kw= ok=1
Cmd: compileSnippet
  api=8 type=1 insize=2793 outsize=2511 kw= ok=1
Cmd: compileSnippet
  api=8 type=1 insize=2805 outsize=3250 kw= ok=1
Cmd: compileSnippet
  api=1 type=0 insize=7294 outsize=989 kw=DIRECTIONAL SHADOWS_OFF LIGHTMAP_ON DIRLIGHTMAP_ON ok=1
Cmd: compileSnippet
  api=0 type=0 insize=7294 outsize=2600 kw=DIRECTIONAL SHADOWS_OFF LIGHTMAP_OFF DIRLIGHTMAP_OFF VERTEXLIGHT_ON ok=1
Cmd: compileSnippet
  api=1 type=1 insize=7294 outsize=546 kw=DIRECTIONAL SHADOWS_OFF LIGHTMAP_ON DIRLIGHTMAP_OFF ok=1
Cmd: compileSnippet
  api=1 type=1 insize=7294 outsize=2466 kw=DIRECTIONAL SHADOWS_SCREEN LIGHTMAP_OFF DIRLIGHTMAP_OFF ok=1
Cmd: compileSnippet
  api=4 type=1 insize=7294 outsize=6970 kw=DIRECTIONAL SHADOWS_SCREEN LIGHTMAP_ON DIRLIGHTMAP_ON ok=1
Cmd: compileSnippet
  api=1 type=0 insize=4861 outsize=1266 kw=SPOT ok=1
Cmd: compileSnippet
  api=4 type=0 insize=4861 outsize=4532 kw=DIRECTIONAL_COOKIE ok=1
Cmd: compileSnippet
  api=1 type=1 insize=4861 outsize=2293 kw=DIRECTIONAL ok=1
Cmd: compileSnippet
  api=1 type=1 insize=4861 outsize=2462 kw=POINT_COOKIE ok=1
Cmd: compileSnippet
  api=1 type=0 insize=6704 outsize=860 kw=LIGHTMAP_OFF DIRLIGHTMAP_OFF HDR_LIGHT_PREPASS_OFF ok=1
Cmd: compileSnippet
  api=4 type=0 insize=6704 outsize=3387 kw=LIGHTMAP_ON DIRLIGHTMAP_OFF HDR_LIGHT_PREPASS_ON ok=1
Cmd: compileSnippet
  api=0 type=1 insize=6704 outsize=973 kw=LIGHTMAP_OFF DIRLIGHTMAP_OFF HDR_LIGHT_PREPASS_OFF ok=1
Cmd: compileSnippet
  api=4 type=1 insize=6704 outsize=2363 kw=LIGHTMAP_OFF DIRLIGHTMAP_OFF HDR_LIGHT_PREPASS_ON ok=1
Cmd: compileSnippet
  api=8 type=1 insize=1607 outsize=3600 kw= ok=1
Cmd: compileSnippet
  api=8 type=1 insize=3319 outsize=2608 kw= ok=1
Cmd: compileSnippet
  api=8 type=0 insize=3323 outsize=2909 kw= ok=1
Cmd: compileSnippet
  api=0 type=1 insize=887 outsize=346 kw= ok=1
Cmd: compileSnippet
  api=8 type=0 insize=1347 outsize=2275 kw= ok=1
Cmd: compileSnippet
  api=8 type=0 insize=714 outsize=1438 kw= ok=1
Unhandled exception: Readfile from pipe failed. GLE=Pipe terminata.


Quitting shader compiler process
